<?xml version="1.0" encoding="UTF-8"?>
<!-- Generated by org.testng.reporters.JUnitReportReporter -->
<testsuite hostname="DESKTOP-6GDU2G7" failures="0" tests="2" name="com.nopcommerce_V5.testcases.TC2_LoginTest" time="41.672" errors="0" timestamp="2022-01-12T21:38:00 IST" skipped="0">
  <testcase classname="com.nopcommerce_V5.testcases.TC2_LoginTest" name="loginTest2" time="18.621"/>
  <system-out/>
  <testcase classname="com.nopcommerce_V5.testcases.TC2_LoginTest" name="loginTest2" time="23.051"/>
  <system-out/>
</testsuite> <!-- com.nopcommerce_V5.testcases.TC2_LoginTest -->
