<?xml version="1.0" encoding="UTF-8"?>
<!-- Generated by org.testng.reporters.JUnitReportReporter -->
<testsuite hostname="DESKTOP-6GDU2G7" failures="0" tests="1" name="com.nopcommerce_V5.testcases.TC1_LoginTest" time="8.055" errors="0" timestamp="2022-01-12T21:38:00 IST" skipped="0">
  <testcase classname="com.nopcommerce_V5.testcases.TC1_LoginTest" name="loginTest1" time="8.055"/>
  <system-out/>
</testsuite> <!-- com.nopcommerce_V5.testcases.TC1_LoginTest -->
